[2024-06-09 16:48:09,715] 16 root - INFO - downloading embedding
[2024-06-09 16:48:36,494] 189 sentence_transformers.SentenceTransformer - INFO - Use pytorch device_name: cpu
[2024-06-09 16:48:36,494] 197 sentence_transformers.SentenceTransformer - INFO - Load pretrained SentenceTransformer: sentence-transformers/all-MiniLM-L6-v2
[2024-06-09 16:48:42,079] 18 root - INFO - embedding downloaded
[2024-06-09 16:48:42,095] 35 root - INFO - 1
[2024-06-09 16:48:44,729] 45 root - INFO - 2
[2024-06-09 16:48:44,731] 52 root - INFO - 3
[2024-06-09 16:48:44,747] 97 werkzeug - WARNING -  * Debugger is active!
[2024-06-09 16:48:44,753] 97 werkzeug - INFO -  * Debugger PIN: 159-667-643
[2024-06-09 16:48:49,025] 97 werkzeug - INFO - 127.0.0.1 - - [09/Jun/2024 16:48:49] "GET / HTTP/1.1" 200 -
[2024-06-09 16:48:49,496] 97 werkzeug - INFO - 127.0.0.1 - - [09/Jun/2024 16:48:49] "GET /static/style.css HTTP/1.1" 200 -
[2024-06-09 16:48:51,866] 97 werkzeug - INFO - 127.0.0.1 - - [09/Jun/2024 16:48:51] "[33mGET /favicon.ico HTTP/1.1[0m" 404 -
[2024-06-09 16:49:10,377] 399 ctransformers - WARNING - Number of tokens (1003) exceeded maximum context length (512).
[2024-06-09 17:00:05,427] 399 ctransformers - WARNING - Number of tokens (1004) exceeded maximum context length (512).
[2024-06-09 17:00:05,955] 399 ctransformers - WARNING - Number of tokens (1005) exceeded maximum context length (512).
[2024-06-09 17:00:06,604] 399 ctransformers - WARNING - Number of tokens (1006) exceeded maximum context length (512).
[2024-06-09 17:00:07,181] 399 ctransformers - WARNING - Number of tokens (1007) exceeded maximum context length (512).
[2024-06-09 17:00:07,706] 399 ctransformers - WARNING - Number of tokens (1008) exceeded maximum context length (512).
[2024-06-09 17:00:08,251] 399 ctransformers - WARNING - Number of tokens (1009) exceeded maximum context length (512).
[2024-06-09 17:00:08,867] 399 ctransformers - WARNING - Number of tokens (1010) exceeded maximum context length (512).
[2024-06-09 17:00:09,895] 399 ctransformers - WARNING - Number of tokens (1011) exceeded maximum context length (512).
[2024-06-09 17:00:11,085] 399 ctransformers - WARNING - Number of tokens (1012) exceeded maximum context length (512).
[2024-06-09 17:00:12,699] 399 ctransformers - WARNING - Number of tokens (1013) exceeded maximum context length (512).
[2024-06-09 17:00:13,678] 399 ctransformers - WARNING - Number of tokens (1014) exceeded maximum context length (512).
[2024-06-09 17:00:14,874] 399 ctransformers - WARNING - Number of tokens (1015) exceeded maximum context length (512).
[2024-06-09 17:00:19,021] 399 ctransformers - WARNING - Number of tokens (1016) exceeded maximum context length (512).
[2024-06-09 17:00:21,794] 399 ctransformers - WARNING - Number of tokens (1017) exceeded maximum context length (512).
[2024-06-09 17:00:22,728] 399 ctransformers - WARNING - Number of tokens (1018) exceeded maximum context length (512).
[2024-06-09 17:00:23,419] 399 ctransformers - WARNING - Number of tokens (1019) exceeded maximum context length (512).
[2024-06-09 17:00:24,070] 399 ctransformers - WARNING - Number of tokens (1020) exceeded maximum context length (512).
[2024-06-09 17:00:24,729] 399 ctransformers - WARNING - Number of tokens (1021) exceeded maximum context length (512).
[2024-06-09 17:00:25,319] 399 ctransformers - WARNING - Number of tokens (1022) exceeded maximum context length (512).
[2024-06-09 17:00:26,172] 399 ctransformers - WARNING - Number of tokens (1023) exceeded maximum context length (512).
[2024-06-09 17:00:26,915] 399 ctransformers - WARNING - Number of tokens (1024) exceeded maximum context length (512).
[2024-06-09 17:00:27,715] 399 ctransformers - WARNING - Number of tokens (1025) exceeded maximum context length (512).
[2024-06-09 17:00:28,348] 399 ctransformers - WARNING - Number of tokens (1026) exceeded maximum context length (512).
[2024-06-09 17:00:28,931] 399 ctransformers - WARNING - Number of tokens (1027) exceeded maximum context length (512).
[2024-06-09 17:00:29,524] 399 ctransformers - WARNING - Number of tokens (1028) exceeded maximum context length (512).
[2024-06-09 17:00:30,157] 399 ctransformers - WARNING - Number of tokens (1029) exceeded maximum context length (512).
[2024-06-09 17:00:30,794] 399 ctransformers - WARNING - Number of tokens (1030) exceeded maximum context length (512).
[2024-06-09 17:00:31,557] 399 ctransformers - WARNING - Number of tokens (1031) exceeded maximum context length (512).
[2024-06-09 17:00:32,379] 399 ctransformers - WARNING - Number of tokens (1032) exceeded maximum context length (512).
[2024-06-09 17:00:33,013] 399 ctransformers - WARNING - Number of tokens (1033) exceeded maximum context length (512).
[2024-06-09 17:00:33,578] 399 ctransformers - WARNING - Number of tokens (1034) exceeded maximum context length (512).
[2024-06-09 17:00:34,148] 399 ctransformers - WARNING - Number of tokens (1035) exceeded maximum context length (512).
[2024-06-09 17:00:34,720] 399 ctransformers - WARNING - Number of tokens (1036) exceeded maximum context length (512).
[2024-06-09 17:00:35,303] 399 ctransformers - WARNING - Number of tokens (1037) exceeded maximum context length (512).
[2024-06-09 17:00:35,817] 399 ctransformers - WARNING - Number of tokens (1038) exceeded maximum context length (512).
[2024-06-09 17:00:36,407] 399 ctransformers - WARNING - Number of tokens (1039) exceeded maximum context length (512).
[2024-06-09 17:00:37,038] 399 ctransformers - WARNING - Number of tokens (1040) exceeded maximum context length (512).
[2024-06-09 17:00:37,590] 399 ctransformers - WARNING - Number of tokens (1041) exceeded maximum context length (512).
[2024-06-09 17:00:38,101] 399 ctransformers - WARNING - Number of tokens (1042) exceeded maximum context length (512).
[2024-06-09 17:00:38,661] 399 ctransformers - WARNING - Number of tokens (1043) exceeded maximum context length (512).
[2024-06-09 17:00:39,205] 399 ctransformers - WARNING - Number of tokens (1044) exceeded maximum context length (512).
[2024-06-09 17:00:39,727] 399 ctransformers - WARNING - Number of tokens (1045) exceeded maximum context length (512).
[2024-06-09 17:00:40,250] 399 ctransformers - WARNING - Number of tokens (1046) exceeded maximum context length (512).
[2024-06-09 17:00:40,750] 399 ctransformers - WARNING - Number of tokens (1047) exceeded maximum context length (512).
[2024-06-09 17:00:41,360] 399 ctransformers - WARNING - Number of tokens (1048) exceeded maximum context length (512).
[2024-06-09 17:00:41,991] 399 ctransformers - WARNING - Number of tokens (1049) exceeded maximum context length (512).
[2024-06-09 17:00:42,616] 399 ctransformers - WARNING - Number of tokens (1050) exceeded maximum context length (512).
[2024-06-09 17:00:43,233] 399 ctransformers - WARNING - Number of tokens (1051) exceeded maximum context length (512).
[2024-06-09 17:00:43,994] 399 ctransformers - WARNING - Number of tokens (1052) exceeded maximum context length (512).
[2024-06-09 17:00:44,687] 399 ctransformers - WARNING - Number of tokens (1053) exceeded maximum context length (512).
[2024-06-09 17:00:45,249] 399 ctransformers - WARNING - Number of tokens (1054) exceeded maximum context length (512).
[2024-06-09 17:00:45,843] 399 ctransformers - WARNING - Number of tokens (1055) exceeded maximum context length (512).
[2024-06-09 17:00:46,530] 399 ctransformers - WARNING - Number of tokens (1056) exceeded maximum context length (512).
[2024-06-09 17:00:47,235] 399 ctransformers - WARNING - Number of tokens (1057) exceeded maximum context length (512).
[2024-06-09 17:00:47,879] 399 ctransformers - WARNING - Number of tokens (1058) exceeded maximum context length (512).
[2024-06-09 17:00:48,434] 399 ctransformers - WARNING - Number of tokens (1059) exceeded maximum context length (512).
[2024-06-09 17:00:48,985] 399 ctransformers - WARNING - Number of tokens (1060) exceeded maximum context length (512).
[2024-06-09 17:00:49,581] 399 ctransformers - WARNING - Number of tokens (1061) exceeded maximum context length (512).
[2024-06-09 17:00:50,153] 399 ctransformers - WARNING - Number of tokens (1062) exceeded maximum context length (512).
[2024-06-09 17:00:50,727] 399 ctransformers - WARNING - Number of tokens (1063) exceeded maximum context length (512).
[2024-06-09 17:00:51,508] 399 ctransformers - WARNING - Number of tokens (1064) exceeded maximum context length (512).
[2024-06-09 17:00:52,225] 399 ctransformers - WARNING - Number of tokens (1065) exceeded maximum context length (512).
[2024-06-09 17:00:52,791] 399 ctransformers - WARNING - Number of tokens (1066) exceeded maximum context length (512).
[2024-06-09 17:00:53,285] 399 ctransformers - WARNING - Number of tokens (1067) exceeded maximum context length (512).
[2024-06-09 17:00:53,829] 399 ctransformers - WARNING - Number of tokens (1068) exceeded maximum context length (512).
[2024-06-09 17:00:54,363] 399 ctransformers - WARNING - Number of tokens (1069) exceeded maximum context length (512).
[2024-06-09 17:00:54,889] 399 ctransformers - WARNING - Number of tokens (1070) exceeded maximum context length (512).
[2024-06-09 17:00:55,357] 399 ctransformers - WARNING - Number of tokens (1071) exceeded maximum context length (512).
[2024-06-09 17:00:55,887] 399 ctransformers - WARNING - Number of tokens (1072) exceeded maximum context length (512).
[2024-06-09 17:00:56,478] 399 ctransformers - WARNING - Number of tokens (1073) exceeded maximum context length (512).
[2024-06-09 17:00:57,083] 399 ctransformers - WARNING - Number of tokens (1074) exceeded maximum context length (512).
[2024-06-09 17:00:57,631] 399 ctransformers - WARNING - Number of tokens (1075) exceeded maximum context length (512).
[2024-06-09 17:00:58,153] 399 ctransformers - WARNING - Number of tokens (1076) exceeded maximum context length (512).
[2024-06-09 17:00:58,735] 399 ctransformers - WARNING - Number of tokens (1077) exceeded maximum context length (512).
[2024-06-09 17:00:59,288] 399 ctransformers - WARNING - Number of tokens (1078) exceeded maximum context length (512).
[2024-06-09 17:00:59,823] 399 ctransformers - WARNING - Number of tokens (1079) exceeded maximum context length (512).
[2024-06-09 17:01:00,423] 399 ctransformers - WARNING - Number of tokens (1080) exceeded maximum context length (512).
[2024-06-09 17:01:00,981] 399 ctransformers - WARNING - Number of tokens (1081) exceeded maximum context length (512).
[2024-06-09 17:01:01,593] 399 ctransformers - WARNING - Number of tokens (1082) exceeded maximum context length (512).
[2024-06-09 17:01:02,251] 399 ctransformers - WARNING - Number of tokens (1083) exceeded maximum context length (512).
[2024-06-09 17:01:02,749] 399 ctransformers - WARNING - Number of tokens (1084) exceeded maximum context length (512).
[2024-06-09 17:01:03,266] 399 ctransformers - WARNING - Number of tokens (1085) exceeded maximum context length (512).
[2024-06-09 17:01:03,814] 399 ctransformers - WARNING - Number of tokens (1086) exceeded maximum context length (512).
[2024-06-09 17:01:04,390] 399 ctransformers - WARNING - Number of tokens (1087) exceeded maximum context length (512).
[2024-06-09 17:01:04,917] 399 ctransformers - WARNING - Number of tokens (1088) exceeded maximum context length (512).
[2024-06-09 17:01:05,469] 399 ctransformers - WARNING - Number of tokens (1089) exceeded maximum context length (512).
[2024-06-09 17:01:06,071] 399 ctransformers - WARNING - Number of tokens (1090) exceeded maximum context length (512).
[2024-06-09 17:01:06,595] 399 ctransformers - WARNING - Number of tokens (1091) exceeded maximum context length (512).
[2024-06-09 17:01:07,146] 399 ctransformers - WARNING - Number of tokens (1092) exceeded maximum context length (512).
[2024-06-09 17:01:07,656] 399 ctransformers - WARNING - Number of tokens (1093) exceeded maximum context length (512).
[2024-06-09 17:01:08,230] 399 ctransformers - WARNING - Number of tokens (1094) exceeded maximum context length (512).
[2024-06-09 17:01:08,776] 399 ctransformers - WARNING - Number of tokens (1095) exceeded maximum context length (512).
[2024-06-09 17:01:09,345] 399 ctransformers - WARNING - Number of tokens (1096) exceeded maximum context length (512).
[2024-06-09 17:01:09,841] 399 ctransformers - WARNING - Number of tokens (1097) exceeded maximum context length (512).
[2024-06-09 17:01:10,373] 399 ctransformers - WARNING - Number of tokens (1098) exceeded maximum context length (512).
[2024-06-09 17:01:10,930] 399 ctransformers - WARNING - Number of tokens (1099) exceeded maximum context length (512).
[2024-06-09 17:01:11,456] 399 ctransformers - WARNING - Number of tokens (1100) exceeded maximum context length (512).
[2024-06-09 17:01:12,000] 399 ctransformers - WARNING - Number of tokens (1101) exceeded maximum context length (512).
[2024-06-09 17:01:12,547] 399 ctransformers - WARNING - Number of tokens (1102) exceeded maximum context length (512).
[2024-06-09 17:01:13,106] 399 ctransformers - WARNING - Number of tokens (1103) exceeded maximum context length (512).
[2024-06-09 17:01:13,749] 399 ctransformers - WARNING - Number of tokens (1104) exceeded maximum context length (512).
[2024-06-09 17:01:14,392] 399 ctransformers - WARNING - Number of tokens (1105) exceeded maximum context length (512).
[2024-06-09 17:01:14,958] 399 ctransformers - WARNING - Number of tokens (1106) exceeded maximum context length (512).
[2024-06-09 17:01:15,516] 399 ctransformers - WARNING - Number of tokens (1107) exceeded maximum context length (512).
[2024-06-09 17:01:16,085] 399 ctransformers - WARNING - Number of tokens (1108) exceeded maximum context length (512).
[2024-06-09 17:01:16,978] 399 ctransformers - WARNING - Number of tokens (1109) exceeded maximum context length (512).
[2024-06-09 17:01:18,029] 399 ctransformers - WARNING - Number of tokens (1110) exceeded maximum context length (512).
[2024-06-09 17:01:19,099] 399 ctransformers - WARNING - Number of tokens (1111) exceeded maximum context length (512).
[2024-06-09 17:01:19,765] 399 ctransformers - WARNING - Number of tokens (1112) exceeded maximum context length (512).
[2024-06-09 17:01:20,315] 399 ctransformers - WARNING - Number of tokens (1113) exceeded maximum context length (512).
[2024-06-09 17:01:20,856] 399 ctransformers - WARNING - Number of tokens (1114) exceeded maximum context length (512).
[2024-06-09 17:01:21,531] 399 ctransformers - WARNING - Number of tokens (1115) exceeded maximum context length (512).
[2024-06-09 17:01:22,144] 399 ctransformers - WARNING - Number of tokens (1116) exceeded maximum context length (512).
[2024-06-09 17:01:22,749] 399 ctransformers - WARNING - Number of tokens (1117) exceeded maximum context length (512).
[2024-06-09 17:01:23,319] 399 ctransformers - WARNING - Number of tokens (1118) exceeded maximum context length (512).
[2024-06-09 17:01:23,921] 399 ctransformers - WARNING - Number of tokens (1119) exceeded maximum context length (512).
[2024-06-09 17:01:24,524] 399 ctransformers - WARNING - Number of tokens (1120) exceeded maximum context length (512).
[2024-06-09 17:01:25,083] 399 ctransformers - WARNING - Number of tokens (1121) exceeded maximum context length (512).
[2024-06-09 17:01:25,648] 399 ctransformers - WARNING - Number of tokens (1122) exceeded maximum context length (512).
[2024-06-09 17:01:26,229] 399 ctransformers - WARNING - Number of tokens (1123) exceeded maximum context length (512).
[2024-06-09 17:01:26,896] 399 ctransformers - WARNING - Number of tokens (1124) exceeded maximum context length (512).
[2024-06-09 17:01:27,533] 399 ctransformers - WARNING - Number of tokens (1125) exceeded maximum context length (512).
[2024-06-09 17:01:28,284] 399 ctransformers - WARNING - Number of tokens (1126) exceeded maximum context length (512).
[2024-06-09 17:01:29,222] 399 ctransformers - WARNING - Number of tokens (1127) exceeded maximum context length (512).
[2024-06-09 17:01:29,821] 399 ctransformers - WARNING - Number of tokens (1128) exceeded maximum context length (512).
[2024-06-09 17:01:30,434] 399 ctransformers - WARNING - Number of tokens (1129) exceeded maximum context length (512).
[2024-06-09 17:01:31,409] 399 ctransformers - WARNING - Number of tokens (1130) exceeded maximum context length (512).
[2024-06-09 17:01:32,056] 399 ctransformers - WARNING - Number of tokens (1131) exceeded maximum context length (512).
[2024-06-09 17:01:32,575] 399 ctransformers - WARNING - Number of tokens (1132) exceeded maximum context length (512).
[2024-06-09 17:01:33,048] 399 ctransformers - WARNING - Number of tokens (1133) exceeded maximum context length (512).
[2024-06-09 17:01:33,540] 399 ctransformers - WARNING - Number of tokens (1134) exceeded maximum context length (512).
[2024-06-09 17:01:34,053] 399 ctransformers - WARNING - Number of tokens (1135) exceeded maximum context length (512).
[2024-06-09 17:01:34,529] 399 ctransformers - WARNING - Number of tokens (1136) exceeded maximum context length (512).
[2024-06-09 17:01:35,039] 399 ctransformers - WARNING - Number of tokens (1137) exceeded maximum context length (512).
[2024-06-09 17:01:35,531] 399 ctransformers - WARNING - Number of tokens (1138) exceeded maximum context length (512).
[2024-06-09 17:01:36,030] 399 ctransformers - WARNING - Number of tokens (1139) exceeded maximum context length (512).
[2024-06-09 17:01:36,554] 399 ctransformers - WARNING - Number of tokens (1140) exceeded maximum context length (512).
[2024-06-09 17:01:37,030] 399 ctransformers - WARNING - Number of tokens (1141) exceeded maximum context length (512).
[2024-06-09 17:01:37,568] 399 ctransformers - WARNING - Number of tokens (1142) exceeded maximum context length (512).
[2024-06-09 17:01:38,174] 399 ctransformers - WARNING - Number of tokens (1143) exceeded maximum context length (512).
[2024-06-09 17:01:38,788] 399 ctransformers - WARNING - Number of tokens (1144) exceeded maximum context length (512).
[2024-06-09 17:01:39,356] 399 ctransformers - WARNING - Number of tokens (1145) exceeded maximum context length (512).
[2024-06-09 17:01:39,994] 399 ctransformers - WARNING - Number of tokens (1146) exceeded maximum context length (512).
[2024-06-09 17:01:40,614] 399 ctransformers - WARNING - Number of tokens (1147) exceeded maximum context length (512).
[2024-06-09 17:01:41,301] 399 ctransformers - WARNING - Number of tokens (1148) exceeded maximum context length (512).
[2024-06-09 17:01:41,964] 399 ctransformers - WARNING - Number of tokens (1149) exceeded maximum context length (512).
[2024-06-09 17:01:42,658] 399 ctransformers - WARNING - Number of tokens (1150) exceeded maximum context length (512).
[2024-06-09 17:01:43,208] 399 ctransformers - WARNING - Number of tokens (1151) exceeded maximum context length (512).
[2024-06-09 17:01:43,918] 399 ctransformers - WARNING - Number of tokens (1152) exceeded maximum context length (512).
[2024-06-09 17:01:44,520] 399 ctransformers - WARNING - Number of tokens (1153) exceeded maximum context length (512).
[2024-06-09 17:01:45,063] 399 ctransformers - WARNING - Number of tokens (1154) exceeded maximum context length (512).
[2024-06-09 17:01:45,597] 399 ctransformers - WARNING - Number of tokens (1155) exceeded maximum context length (512).
[2024-06-09 17:01:46,156] 399 ctransformers - WARNING - Number of tokens (1156) exceeded maximum context length (512).
[2024-06-09 17:01:46,717] 399 ctransformers - WARNING - Number of tokens (1157) exceeded maximum context length (512).
[2024-06-09 17:01:47,277] 399 ctransformers - WARNING - Number of tokens (1158) exceeded maximum context length (512).
[2024-06-09 17:01:47,845] 399 ctransformers - WARNING - Number of tokens (1159) exceeded maximum context length (512).
[2024-06-09 17:01:48,755] 399 ctransformers - WARNING - Number of tokens (1160) exceeded maximum context length (512).
[2024-06-09 17:01:49,630] 399 ctransformers - WARNING - Number of tokens (1161) exceeded maximum context length (512).
[2024-06-09 17:01:50,363] 399 ctransformers - WARNING - Number of tokens (1162) exceeded maximum context length (512).
[2024-06-09 17:01:51,046] 399 ctransformers - WARNING - Number of tokens (1163) exceeded maximum context length (512).
[2024-06-09 17:01:51,689] 399 ctransformers - WARNING - Number of tokens (1164) exceeded maximum context length (512).
[2024-06-09 17:01:52,433] 399 ctransformers - WARNING - Number of tokens (1165) exceeded maximum context length (512).
[2024-06-09 17:01:53,028] 399 ctransformers - WARNING - Number of tokens (1166) exceeded maximum context length (512).
[2024-06-09 17:01:53,741] 399 ctransformers - WARNING - Number of tokens (1167) exceeded maximum context length (512).
[2024-06-09 17:01:54,879] 399 ctransformers - WARNING - Number of tokens (1168) exceeded maximum context length (512).
[2024-06-09 17:01:55,548] 399 ctransformers - WARNING - Number of tokens (1169) exceeded maximum context length (512).
[2024-06-09 17:01:56,227] 399 ctransformers - WARNING - Number of tokens (1170) exceeded maximum context length (512).
[2024-06-09 17:01:56,923] 399 ctransformers - WARNING - Number of tokens (1171) exceeded maximum context length (512).
[2024-06-09 17:01:57,597] 399 ctransformers - WARNING - Number of tokens (1172) exceeded maximum context length (512).
[2024-06-09 17:01:58,263] 399 ctransformers - WARNING - Number of tokens (1173) exceeded maximum context length (512).
[2024-06-09 17:01:58,929] 399 ctransformers - WARNING - Number of tokens (1174) exceeded maximum context length (512).
[2024-06-09 17:01:59,565] 399 ctransformers - WARNING - Number of tokens (1175) exceeded maximum context length (512).
[2024-06-09 17:02:00,231] 399 ctransformers - WARNING - Number of tokens (1176) exceeded maximum context length (512).
[2024-06-09 17:02:01,351] 399 ctransformers - WARNING - Number of tokens (1177) exceeded maximum context length (512).
[2024-06-09 17:02:03,189] 399 ctransformers - WARNING - Number of tokens (1178) exceeded maximum context length (512).
[2024-06-09 17:02:04,523] 399 ctransformers - WARNING - Number of tokens (1179) exceeded maximum context length (512).
[2024-06-09 17:02:05,574] 97 werkzeug - INFO - 127.0.0.1 - - [09/Jun/2024 17:02:05] "POST /get HTTP/1.1" 200 -
